\BOOKMARK [0][-]{Doc-Start}{Abstract}{}% 1
\BOOKMARK [0][-]{Doc-Start}{Zusammenfassung}{}% 2
\BOOKMARK [0][-]{Doc-Start}{Resumo}{}% 3
\BOOKMARK [0][-]{section*.1}{List of Figures}{}% 4
\BOOKMARK [0][-]{section*.2}{List of Tables}{}% 5
\BOOKMARK [0][-]{section*.2}{Abbreviations and Acronyms}{}% 6
\BOOKMARK [0][-]{chapter*.3}{List of Symbols}{}% 7
\BOOKMARK [0][-]{chapter.1}{First steps: setting up your thesis}{}% 8
\BOOKMARK [1][-]{section.1.1}{How the template is organized}{chapter.1}% 9
\BOOKMARK [1][-]{section.1.2}{Changing page geometry}{chapter.1}% 10
\BOOKMARK [1][-]{section.1.3}{Changing fonts used}{chapter.1}% 11
\BOOKMARK [1][-]{section.1.4}{How to build the main.tex file}{chapter.1}% 12
\BOOKMARK [2][-]{subsection.1.4.1}{In a command-line}{section.1.4}% 13
\BOOKMARK [2][-]{subsection.1.4.2}{In a dedicated TeX editor}{section.1.4}% 14
\BOOKMARK [1][-]{section.1.5}{Setting up university logo, thesis title, front matter and abstracts}{chapter.1}% 15
\BOOKMARK [2][-]{subsection.1.5.1}{Change basic metadata: title, names and university logo}{section.1.5}% 16
\BOOKMARK [2][-]{subsection.1.5.2}{Second front matter}{section.1.5}% 17
\BOOKMARK [2][-]{subsection.1.5.3}{Catalographic card}{section.1.5}% 18
\BOOKMARK [2][-]{subsection.1.5.4}{Abstracts}{section.1.5}% 19
\BOOKMARK [3][-]{lstnumber.1.4.5}{Modifying abstract properties}{subsection.1.5.4}% 20
\BOOKMARK [2][-]{subsection.1.5.5}{Acronyms and symbols}{section.1.5}% 21
\BOOKMARK [2][-]{subsection.1.5.6}{Epigraph}{section.1.5}% 22
\BOOKMARK [2][-]{subsection.1.5.7}{First compile and adding packages}{section.1.5}% 23
\BOOKMARK [1][-]{section.1.6}{Adding text chapters and appendixes}{chapter.1}% 24
\BOOKMARK [0][-]{chapter.2}{Figures and tables}{}% 25
\BOOKMARK [1][-]{section.2.1}{Adding figures}{chapter.2}% 26
\BOOKMARK [2][-]{subsection.2.1.1}{Figure placement}{section.2.1}% 27
\BOOKMARK [2][-]{subsection.2.1.2}{Scaling figures}{section.2.1}% 28
\BOOKMARK [2][-]{subsection.2.1.3}{Rotating figures}{section.2.1}% 29
\BOOKMARK [1][-]{section.2.2}{Adding tables}{chapter.2}% 30
\BOOKMARK [2][-]{subsection.2.2.1}{Coding your table}{section.2.2}% 31
\BOOKMARK [0][-]{chapter*.12}{Bibliography}{}% 32
\BOOKMARK [-1][-]{chapter*.12}{Appendixes}{}% 33
\BOOKMARK [0][-]{appendix.A}{PV Panel Curves and simulation program}{chapter*.12}% 34
\BOOKMARK [0][-]{appendix.B}{Second appendix}{chapter*.12}% 35
